<?xml version="1.0" encoding="UTF-8"?>
<!-- Generated by org.testng.reporters.JUnitReportReporter -->
<testsuite hostname="JIEM-L24" failures="0" tests="1" name="Runnner.ClearLoginRunner" time="36.092" errors="0" timestamp="2023-08-21T12:50:57 IST" skipped="0">
  <testcase classname="Runnner.ClearLoginRunner" name="runScenario" time="36.092"/>
</testsuite> <!-- Runnner.ClearLoginRunner -->
